Using pre-set license
Built from '2020.3/staging' branch; Version is '2020.3.14f1 (d0d1bb862f9d) revision 13685179'; Using compiler version '192528614'; Build Type 'Release'
OS: 'Windows 8.1  (6.3.0) 64bit' Language: 'es' Physical Memory: 3717 MB
BatchMode: 1, IsHumanControllingUs: 0, StartBugReporterOnCrash: 0, Is64bit: 1, IsPro: 0

 COMMAND LINE ARGUMENTS:
C:\Program Files\Unity\Hub\Editor\2020.3.14f1\Editor\Unity.exe
-adb2
-batchMode
-noUpm
-name
AssetImportWorker0
-projectPath
C:/Users/User/Documents/GitHub/Proyecto-De-Animacion
-logFile
Logs/AssetImportWorker0.log
-srvPort
62923
Successfully changed project path to: C:/Users/User/Documents/GitHub/Proyecto-De-Animacion
C:/Users/User/Documents/GitHub/Proyecto-De-Animacion
Using Asset Import Pipeline V2.
Refreshing native plugins compatible for Editor in 185.20 ms, found 2 plugins.
Preloading 0 native plugins for Editor in 0.00 ms.
Initialize engine version: 2020.3.14f1 (d0d1bb862f9d)
[Subsystems] Discovering subsystems at path C:/Program Files/Unity/Hub/Editor/2020.3.14f1/Editor/Data/Resources/UnitySubsystems
[Subsystems] Discovering subsystems at path C:/Users/User/Documents/GitHub/Proyecto-De-Animacion/Assets
GfxDevice: creating device client; threaded=0
d3d11: QueryInterface(IDXGIFactory5) failed (80004002).
Direct3D:
    Version:  Direct3D 11.0 [level 11.0]
    Renderer: Intel(R) HD Graphics 4000 (ID=0x166)
    Vendor:   
    VRAM:     1760 MB
    Driver:   10.18.10.4276
Initialize mono
Mono path[0] = 'C:/Program Files/Unity/Hub/Editor/2020.3.14f1/Editor/Data/Managed'
Mono path[1] = 'C:/Program Files/Unity/Hub/Editor/2020.3.14f1/Editor/Data/MonoBleedingEdge/lib/mono/unityjit'
Mono config path = 'C:/Program Files/Unity/Hub/Editor/2020.3.14f1/Editor/Data/MonoBleedingEdge/etc'
Using monoOptions --debugger-agent=transport=dt_socket,embedding=1,server=y,suspend=n,address=127.0.0.1:56636
Begin MonoManager ReloadAssembly
Registering precompiled unity dll's ...
Register platform support module: C:/Program Files/Unity/Hub/Editor/2020.3.14f1/Editor/Data/PlaybackEngines/WindowsStandaloneSupport/UnityEditor.WindowsStandalone.Extensions.dll
Registered in 0.003453 seconds.
Native extension for WindowsStandalone target not found
Refreshing native plugins compatible for Editor in 267.71 ms, found 2 plugins.
Preloading 0 native plugins for Editor in 0.00 ms.
Mono: successfully reloaded assembly
- Completed reload, in  3.139 seconds
Domain Reload Profiling:
	ReloadAssembly (3139ms)
		BeginReloadAssembly (150ms)
			ExecutionOrderSort (0ms)
			DisableScriptedObjects (0ms)
			BackupInstance (0ms)
			ReleaseScriptingObjects (0ms)
			CreateAndSetChildDomain (2ms)
		EndReloadAssembly (1374ms)
			LoadAssemblies (145ms)
			RebuildTransferFunctionScriptingTraits (2ms)
			SetupTypeCache (464ms)
			ReleaseScriptCaches (0ms)
			RebuildScriptCaches (95ms)
			SetupLoadedEditorAssemblies (620ms)
				LogAssemblyErrors (0ms)
				InitializePlatformSupportModulesInManaged (10ms)
				SetLoadedEditorAssemblies (0ms)
				RefreshPlugins (268ms)
				BeforeProcessingInitializeOnLoad (20ms)
				ProcessInitializeOnLoadAttributes (240ms)
				ProcessInitializeOnLoadMethodAttributes (82ms)
				AfterProcessingInitializeOnLoad (0ms)
				EditorAssembliesLoaded (0ms)
			ExecutionOrderSort2 (0ms)
			AwakeInstancesAfterBackupRestoration (0ms)
Platform modules already initialized, skipping
Registering precompiled user dll's ...
Registered in 0.005199 seconds.
Begin MonoManager ReloadAssembly
Native extension for WindowsStandalone target not found
Refreshing native plugins compatible for Editor in 1.34 ms, found 2 plugins.
Preloading 0 native plugins for Editor in 0.00 ms.
Mono: successfully reloaded assembly
- Completed reload, in  3.148 seconds
Domain Reload Profiling:
	ReloadAssembly (3150ms)
		BeginReloadAssembly (385ms)
			ExecutionOrderSort (0ms)
			DisableScriptedObjects (12ms)
			BackupInstance (0ms)
			ReleaseScriptingObjects (0ms)
			CreateAndSetChildDomain (40ms)
		EndReloadAssembly (2592ms)
			LoadAssemblies (221ms)
			RebuildTransferFunctionScriptingTraits (0ms)
			SetupTypeCache (814ms)
			ReleaseScriptCaches (1ms)
			RebuildScriptCaches (139ms)
			SetupLoadedEditorAssemblies (1065ms)
				LogAssemblyErrors (0ms)
				InitializePlatformSupportModulesInManaged (22ms)
				SetLoadedEditorAssemblies (2ms)
				RefreshPlugins (2ms)
				BeforeProcessingInitializeOnLoad (216ms)
				ProcessInitializeOnLoadAttributes (800ms)
				ProcessInitializeOnLoadMethodAttributes (12ms)
				AfterProcessingInitializeOnLoad (11ms)
				EditorAssembliesLoaded (1ms)
			ExecutionOrderSort2 (0ms)
			AwakeInstancesAfterBackupRestoration (19ms)
Platform modules already initialized, skipping
========================================================================
Worker process is ready to serve import requests
Launched and connected shader compiler UnityShaderCompiler.exe after 0.06 seconds
Refreshing native plugins compatible for Editor in 37.67 ms, found 2 plugins.
Preloading 0 native plugins for Editor in 0.00 ms.
Unloading 1455 Unused Serialized files (Serialized files now loaded: 0)
System memory in use before: 70.4 MB.
System memory in use after: 70.4 MB.

Unloading 17 unused Assets to reduce memory usage. Loaded Objects now: 1894.
Total: 9.084175 ms (FindLiveObjects: 0.433471 ms CreateObjectMapping: 0.160590 ms MarkObjects: 8.199725 ms  DeleteObjects: 0.286163 ms)

AssetImportParameters requested are different than current active one (requested -> active):
  custom:framework-win-MediaFoundation: 216162199b28c13a410421893ffa2e32 -> 
  custom:video-decoder-ogg-theora: a1e56fd34408186e4bbccfd4996cb3dc -> 
  custom:container-muxer-webm: aa71ff27fc2769a1b78a27578f13a17b -> 
  custom:container-demuxer-webm: 4f35f7cbe854078d1ac9338744f61a02 -> 
  custom:container-demuxer-ogg: 62fdf1f143b41e24485cea50d1cbac27 -> 
  custom:video-encoder-webm-vp8: eb34c28f22e8b96e1ab97ce403110664 -> 
  custom:video-decoder-webm-vp8: 9c59270c3fd7afecdb556c50c9e8de78 -> 
  custom:audio-decoder-ogg-vorbis: bf7c407c2cedff20999df2af8eb42d56 -> 
  custom:audio-encoder-webm-vorbis: bf7c407c2cedff20999df2af8eb42d56 -> 
========================================================================
Received Import Request.
  path: Assets/Crystal_Mine/Models/Materials/zMat.mat
  artifactKey: Guid(641139ba1e341bd43818d9db7f80506d) Importer(815301076,1909f56bfc062723c751e8b465ee728b)
Start importing Assets/Crystal_Mine/Models/Materials/zMat.mat using Guid(641139ba1e341bd43818d9db7f80506d) Importer(815301076,1909f56bfc062723c751e8b465ee728b)  -> (artifact id: 'c39791ccfd5d3f6ce881654b887df3bd') in 0.417584 seconds 
  Import took 0.426889 seconds .

========================================================================
Received Import Request.
  Time since last request: 0.000425 seconds.
  path: Assets/Crystal_Mine/Materials/MetalBarrier.mat
  artifactKey: Guid(9a9c35d54bdc42849b1c184baee70f4e) Importer(815301076,1909f56bfc062723c751e8b465ee728b)
Start importing Assets/Crystal_Mine/Materials/MetalBarrier.mat using Guid(9a9c35d54bdc42849b1c184baee70f4e) Importer(815301076,1909f56bfc062723c751e8b465ee728b)  -> (artifact id: '834010aac4af25d60893d6ff3b8cb0a9') in 0.155442 seconds 
  Import took 0.162930 seconds .

========================================================================
Received Import Request.
  Time since last request: 0.000388 seconds.
  path: Assets/Crystal_Mine/Models/Materials/CartMetalMat.mat
  artifactKey: Guid(c89f1d647a378a74ca41ec5b733561ae) Importer(815301076,1909f56bfc062723c751e8b465ee728b)
Start importing Assets/Crystal_Mine/Models/Materials/CartMetalMat.mat using Guid(c89f1d647a378a74ca41ec5b733561ae) Importer(815301076,1909f56bfc062723c751e8b465ee728b)  -> (artifact id: '5712144255cde3256851b7a54791fd05') in 0.029715 seconds 
  Import took 0.040802 seconds .

========================================================================
Received Import Request.
  Time since last request: 0.000483 seconds.
  path: Assets/Crystal_Mine/Materials/Box_Small.mat
  artifactKey: Guid(14a2ef115cb3dc2469afb48e1fd69d13) Importer(815301076,1909f56bfc062723c751e8b465ee728b)
Start importing Assets/Crystal_Mine/Materials/Box_Small.mat using Guid(14a2ef115cb3dc2469afb48e1fd69d13) Importer(815301076,1909f56bfc062723c751e8b465ee728b)  -> (artifact id: '8d64307d4711bb32ca51c86e7552e2df') in 0.133670 seconds 
  Import took 0.142006 seconds .

========================================================================
Received Import Request.
  Time since last request: 0.000380 seconds.
  path: Assets/Crystal_Mine/Models/Materials/Cylinder001Mat.mat
  artifactKey: Guid(5691ee9bc7d7fbc4d8245c4b6e4e74fa) Importer(815301076,1909f56bfc062723c751e8b465ee728b)
Start importing Assets/Crystal_Mine/Models/Materials/Cylinder001Mat.mat using Guid(5691ee9bc7d7fbc4d8245c4b6e4e74fa) Importer(815301076,1909f56bfc062723c751e8b465ee728b)  -> (artifact id: '4dafd7500dbc1dfe8c9d8bbf6cadd2fb') in 0.029627 seconds 
  Import took 0.037391 seconds .

========================================================================
Received Import Request.
  Time since last request: 0.000517 seconds.
  path: Assets/Crystal_Mine/Models/Materials/Rock1LPMat.mat
  artifactKey: Guid(aa58136cd514162449329e5330dc14f3) Importer(815301076,1909f56bfc062723c751e8b465ee728b)
Start importing Assets/Crystal_Mine/Models/Materials/Rock1LPMat.mat using Guid(aa58136cd514162449329e5330dc14f3) Importer(815301076,1909f56bfc062723c751e8b465ee728b)  -> (artifact id: 'd079f502d71561c872e80b3cdf7a9030') in 0.031936 seconds 
  Import took 0.044158 seconds .

========================================================================
Received Import Request.
  Time since last request: 0.000424 seconds.
  path: Assets/Crystal_Mine/Materials/RockFormation.mat
  artifactKey: Guid(62d7ff85d944b3a45b0b3e729b615bdf) Importer(815301076,1909f56bfc062723c751e8b465ee728b)
Start importing Assets/Crystal_Mine/Materials/RockFormation.mat using Guid(62d7ff85d944b3a45b0b3e729b615bdf) Importer(815301076,1909f56bfc062723c751e8b465ee728b)  -> (artifact id: 'd2f0754f44a06b17a12386b343a6f1c4') in 0.126814 seconds 
  Import took 0.135126 seconds .

========================================================================
Received Import Request.
  Time since last request: 0.000662 seconds.
  path: Assets/Crystal_Mine/Models/Materials/Object001Mat.mat
  artifactKey: Guid(4b3014398d2379a44a323873c89573c5) Importer(815301076,1909f56bfc062723c751e8b465ee728b)
Start importing Assets/Crystal_Mine/Models/Materials/Object001Mat.mat using Guid(4b3014398d2379a44a323873c89573c5) Importer(815301076,1909f56bfc062723c751e8b465ee728b)  -> (artifact id: '52489647bacdca8b172094937652294d') in 0.040407 seconds 
  Import took 0.048753 seconds .

========================================================================
Received Import Request.
  Time since last request: 0.000420 seconds.
  path: Assets/Crystal_Mine/Materials/Fire.mat
  artifactKey: Guid(06c8e84b1ae5c734b9ecea790e0fc0d8) Importer(815301076,1909f56bfc062723c751e8b465ee728b)
Start importing Assets/Crystal_Mine/Materials/Fire.mat using Guid(06c8e84b1ae5c734b9ecea790e0fc0d8) Importer(815301076,1909f56bfc062723c751e8b465ee728b)  -> (artifact id: 'e56e5c3a5b606a0886d792cba88ca1f6') in 0.040511 seconds 
  Import took 0.050310 seconds .

========================================================================
Received Import Request.
  Time since last request: 0.000144 seconds.
  path: Assets/Crystal_Mine/Models/Materials/Group5552Mat.mat
  artifactKey: Guid(be7ddcbba66cb414aa7025328cdc44a1) Importer(815301076,1909f56bfc062723c751e8b465ee728b)
Start importing Assets/Crystal_Mine/Models/Materials/Group5552Mat.mat using Guid(be7ddcbba66cb414aa7025328cdc44a1) Importer(815301076,1909f56bfc062723c751e8b465ee728b)  -> (artifact id: '9e96dc0f5e061663f805abf74cdfe3e8') in 0.041031 seconds 
  Import took 0.053179 seconds .

========================================================================
Received Import Request.
  Time since last request: 0.000487 seconds.
  path: Assets/Crystal_Mine/Materials/Crystal Rock.mat
  artifactKey: Guid(b25c312f34e64dc4fae118241af5b9fd) Importer(815301076,1909f56bfc062723c751e8b465ee728b)
Start importing Assets/Crystal_Mine/Materials/Crystal Rock.mat using Guid(b25c312f34e64dc4fae118241af5b9fd) Importer(815301076,1909f56bfc062723c751e8b465ee728b)  -> (artifact id: '9293af636aa14440880cd6079a4f0597') in 0.085303 seconds 
  Import took 0.093403 seconds .

========================================================================
Received Import Request.
  Time since last request: 0.000460 seconds.
  path: Assets/Crystal_Mine/Models/Materials/Group63212Mat.mat
  artifactKey: Guid(2149edb7bcf2e624ab077e696bde6809) Importer(815301076,1909f56bfc062723c751e8b465ee728b)
Start importing Assets/Crystal_Mine/Models/Materials/Group63212Mat.mat using Guid(2149edb7bcf2e624ab077e696bde6809) Importer(815301076,1909f56bfc062723c751e8b465ee728b)  -> (artifact id: 'dbbba4495f869f56ac4f9e5121117b34') in 0.069665 seconds 
  Import took 0.094389 seconds .

========================================================================
Received Import Request.
  Time since last request: 0.000123 seconds.
  path: Assets/Crystal_Mine/Models/Materials/Object007Mat.mat
  artifactKey: Guid(dddeea2a320c1cf4aa88ce66b64c3a93) Importer(815301076,1909f56bfc062723c751e8b465ee728b)
Start importing Assets/Crystal_Mine/Models/Materials/Object007Mat.mat using Guid(dddeea2a320c1cf4aa88ce66b64c3a93) Importer(815301076,1909f56bfc062723c751e8b465ee728b)  -> (artifact id: 'c8827d8c75fa865303f6b16f24896a60') in 0.027536 seconds 
  Import took 0.034619 seconds .

========================================================================
Received Import Request.
  Time since last request: 0.000588 seconds.
  path: Assets/Crystal_Mine/Models/Materials/Group63213Mat.mat
  artifactKey: Guid(f3974413c6764a246a54cbd73a459b51) Importer(815301076,1909f56bfc062723c751e8b465ee728b)
Start importing Assets/Crystal_Mine/Models/Materials/Group63213Mat.mat using Guid(f3974413c6764a246a54cbd73a459b51) Importer(815301076,1909f56bfc062723c751e8b465ee728b)  -> (artifact id: '7b95538ce1167269581a07f9ec7cd1c8') in 0.026062 seconds 
  Import took 0.035654 seconds .

========================================================================
Received Import Request.
  Time since last request: 0.000531 seconds.
  path: Assets/Crystal_Mine/Models/Materials/HeadMat.mat
  artifactKey: Guid(18f03633dd35c164abdd041e154fcd10) Importer(815301076,1909f56bfc062723c751e8b465ee728b)
Start importing Assets/Crystal_Mine/Models/Materials/HeadMat.mat using Guid(18f03633dd35c164abdd041e154fcd10) Importer(815301076,1909f56bfc062723c751e8b465ee728b)  -> (artifact id: '0ff4b944cf021ec924035f83b1033620') in 0.024966 seconds 
  Import took 0.034433 seconds .

========================================================================
Received Import Request.
  Time since last request: 0.000533 seconds.
  path: Assets/Crystal_Mine/Materials/Beams.mat
  artifactKey: Guid(25e92036b8be0874a8ad30c16b0346f8) Importer(815301076,1909f56bfc062723c751e8b465ee728b)
Start importing Assets/Crystal_Mine/Materials/Beams.mat using Guid(25e92036b8be0874a8ad30c16b0346f8) Importer(815301076,1909f56bfc062723c751e8b465ee728b)  -> (artifact id: '458e8ca131df969aaeb28745db1febb0') in 0.051567 seconds 
  Import took 0.060780 seconds .

========================================================================
Received Import Request.
  Time since last request: 0.001055 seconds.
  path: Assets/Crystal_Mine/Materials/Box_Big.mat
  artifactKey: Guid(56f6dc218dc99d847963258c367ab473) Importer(815301076,1909f56bfc062723c751e8b465ee728b)
Start importing Assets/Crystal_Mine/Materials/Box_Big.mat using Guid(56f6dc218dc99d847963258c367ab473) Importer(815301076,1909f56bfc062723c751e8b465ee728b)  -> (artifact id: '9d748e160de0879ca5867de5a86b681b') in 0.055645 seconds 
  Import took 0.062175 seconds .

========================================================================
Received Import Request.
  Time since last request: 0.000497 seconds.
  path: Assets/Crystal_Mine/Models/Materials/Group18462Mat.mat
  artifactKey: Guid(0afadc66e49d7c248b7024c47aebe8a1) Importer(815301076,1909f56bfc062723c751e8b465ee728b)
Start importing Assets/Crystal_Mine/Models/Materials/Group18462Mat.mat using Guid(0afadc66e49d7c248b7024c47aebe8a1) Importer(815301076,1909f56bfc062723c751e8b465ee728b)  -> (artifact id: 'eda178c154acdfd161f6a21654127b2e') in 0.036606 seconds 
  Import took 0.045610 seconds .

========================================================================
Received Import Request.
  Time since last request: 0.000359 seconds.
  path: Assets/Crystal_Mine/Models/Materials/Group18461Mat.mat
  artifactKey: Guid(4c05c0a5c5e6b0c48a80df937fb6d925) Importer(815301076,1909f56bfc062723c751e8b465ee728b)
Start importing Assets/Crystal_Mine/Models/Materials/Group18461Mat.mat using Guid(4c05c0a5c5e6b0c48a80df937fb6d925) Importer(815301076,1909f56bfc062723c751e8b465ee728b)  -> (artifact id: 'ae53933ef961867be58c9b8246822a57') in 0.040465 seconds 
  Import took 0.051128 seconds .

========================================================================
Received Import Request.
  Time since last request: 0.000386 seconds.
  path: Assets/Crystal_Mine/Models/Materials/Group5392Mat.mat
  artifactKey: Guid(96293cfdbf8c2ac4094a30d253837831) Importer(815301076,1909f56bfc062723c751e8b465ee728b)
Start importing Assets/Crystal_Mine/Models/Materials/Group5392Mat.mat using Guid(96293cfdbf8c2ac4094a30d253837831) Importer(815301076,1909f56bfc062723c751e8b465ee728b)  -> (artifact id: '3a909e3a279357301b601adbe1b0ffdc') in 0.026493 seconds 
  Import took 0.034082 seconds .

========================================================================
Received Import Request.
  Time since last request: 0.000110 seconds.
  path: Assets/Crystal_Mine/Materials/LaternMat.mat
  artifactKey: Guid(9c51c6c560f47fc4c86c20055fd651c7) Importer(815301076,1909f56bfc062723c751e8b465ee728b)
Start importing Assets/Crystal_Mine/Materials/LaternMat.mat using Guid(9c51c6c560f47fc4c86c20055fd651c7) Importer(815301076,1909f56bfc062723c751e8b465ee728b)  -> (artifact id: '41394194f31087fc4f9e3d283f17b341') in 0.070613 seconds 
  Import took 0.078663 seconds .

========================================================================
Received Import Request.
  Time since last request: 0.000450 seconds.
  path: Assets/Crystal_Mine/Materials/Ceiling.mat
  artifactKey: Guid(769215c890701594faedd488771c2a8d) Importer(815301076,1909f56bfc062723c751e8b465ee728b)
Start importing Assets/Crystal_Mine/Materials/Ceiling.mat using Guid(769215c890701594faedd488771c2a8d) Importer(815301076,1909f56bfc062723c751e8b465ee728b)  -> (artifact id: 'ad7936d859e70e35adffe99d03bf24d5') in 0.088193 seconds 
  Import took 0.096927 seconds .

========================================================================
Received Import Request.
  Time since last request: 0.000635 seconds.
  path: Assets/Crystal_Mine/Models/Materials/Latern002Mat.mat
  artifactKey: Guid(a2fd6d8fcafa2b6439e8da000abf8a13) Importer(815301076,1909f56bfc062723c751e8b465ee728b)
Start importing Assets/Crystal_Mine/Models/Materials/Latern002Mat.mat using Guid(a2fd6d8fcafa2b6439e8da000abf8a13) Importer(815301076,1909f56bfc062723c751e8b465ee728b)  -> (artifact id: '22464ddc096a28c08a8e11a75356834b') in 0.025223 seconds 
  Import took 0.036863 seconds .

========================================================================
Received Import Request.
  Time since last request: 0.000392 seconds.
  path: Assets/Crystal_Mine/Models/Materials/Group38071Mat.mat
  artifactKey: Guid(09c1c6cef6ff6ba4b98c3bb3cd3287c2) Importer(815301076,1909f56bfc062723c751e8b465ee728b)
Start importing Assets/Crystal_Mine/Models/Materials/Group38071Mat.mat using Guid(09c1c6cef6ff6ba4b98c3bb3cd3287c2) Importer(815301076,1909f56bfc062723c751e8b465ee728b)  -> (artifact id: 'bc043f9df576274a8dda373ae093d315') in 0.034087 seconds 
  Import took 0.043128 seconds .

========================================================================
Received Import Request.
  Time since last request: 0.000126 seconds.
  path: Assets/Crystal_Mine/Models/Materials/Box003Mat.mat
  artifactKey: Guid(2ec0f544d2a242f47beb3e4e9c7be58f) Importer(815301076,1909f56bfc062723c751e8b465ee728b)
Start importing Assets/Crystal_Mine/Models/Materials/Box003Mat.mat using Guid(2ec0f544d2a242f47beb3e4e9c7be58f) Importer(815301076,1909f56bfc062723c751e8b465ee728b)  -> (artifact id: 'a8b5b083460109d7b830225f766ca816') in 0.031642 seconds 
  Import took 0.044253 seconds .

========================================================================
Received Import Request.
  Time since last request: 0.000874 seconds.
  path: Assets/Crystal_Mine/Models/Materials/FireMat.mat
  artifactKey: Guid(c95062de66eeb274db9c972d117058ac) Importer(815301076,1909f56bfc062723c751e8b465ee728b)
Start importing Assets/Crystal_Mine/Models/Materials/FireMat.mat using Guid(c95062de66eeb274db9c972d117058ac) Importer(815301076,1909f56bfc062723c751e8b465ee728b)  -> (artifact id: 'b7356183318581c63d0c848ca8006e71') in 0.032929 seconds 
  Import took 0.044265 seconds .

========================================================================
Received Import Request.
  Time since last request: 0.000992 seconds.
  path: Assets/Crystal_Mine/Models/Materials/Group38072Mat.mat
  artifactKey: Guid(bfa4b468fc25b7e4db1ddff5b64c4c98) Importer(815301076,1909f56bfc062723c751e8b465ee728b)
Start importing Assets/Crystal_Mine/Models/Materials/Group38072Mat.mat using Guid(bfa4b468fc25b7e4db1ddff5b64c4c98) Importer(815301076,1909f56bfc062723c751e8b465ee728b)  -> (artifact id: '50ab2389b8d0d1359993cddbdf79ebcc') in 0.027945 seconds 
  Import took 0.037134 seconds .

========================================================================
Received Import Request.
  Time since last request: 0.000414 seconds.
  path: Assets/Crystal_Mine/Models/Materials
  artifactKey: Guid(f03d67aad15b8a44882b48b0ef8145b3) Importer(815301076,1909f56bfc062723c751e8b465ee728b)
Start importing Assets/Crystal_Mine/Models/Materials using Guid(f03d67aad15b8a44882b48b0ef8145b3) Importer(815301076,1909f56bfc062723c751e8b465ee728b)  -> (artifact id: 'adef40e14a6322a0bd99473692621709') in 0.005827 seconds 
  Import took 0.024646 seconds .

========================================================================
Received Import Request.
  Time since last request: 0.001447 seconds.
  path: Assets/Crystal_Mine/Materials/Cart_Top.mat
  artifactKey: Guid(072563f38601b244d8dff0244da8a332) Importer(815301076,1909f56bfc062723c751e8b465ee728b)
Start importing Assets/Crystal_Mine/Materials/Cart_Top.mat using Guid(072563f38601b244d8dff0244da8a332) Importer(815301076,1909f56bfc062723c751e8b465ee728b)  -> (artifact id: 'efc0c7a08ec5874e71b9d9b977c33838') in 0.058062 seconds 
  Import took 0.066417 seconds .

========================================================================
Received Import Request.
  Time since last request: 0.000678 seconds.
  path: Assets/Crystal_Mine/Materials/Latern.mat
  artifactKey: Guid(838b78a7ace42fb4cafd2cd1ddb15429) Importer(815301076,1909f56bfc062723c751e8b465ee728b)
Start importing Assets/Crystal_Mine/Materials/Latern.mat using Guid(838b78a7ace42fb4cafd2cd1ddb15429) Importer(815301076,1909f56bfc062723c751e8b465ee728b)  -> (artifact id: '4edfc041e24e9d47a5af27bee8000913') in 0.061603 seconds 
  Import took 0.074302 seconds .

========================================================================
Received Import Request.
  Time since last request: 0.000385 seconds.
  path: Assets/Crystal_Mine/Materials/GlassMaterial.mat
  artifactKey: Guid(1e80ef1b3308f2747876a71dd498cbce) Importer(815301076,1909f56bfc062723c751e8b465ee728b)
Start importing Assets/Crystal_Mine/Materials/GlassMaterial.mat using Guid(1e80ef1b3308f2747876a71dd498cbce) Importer(815301076,1909f56bfc062723c751e8b465ee728b)  -> (artifact id: 'dcd933cce0f2990169e6cd59ee762842') in 0.035705 seconds 
  Import took 0.043592 seconds .

========================================================================
Received Import Request.
  Time since last request: 0.000508 seconds.
  path: Assets/Crystal_Mine/Materials/WoodenBarrier.mat
  artifactKey: Guid(993b04202e339c348a09641abb202117) Importer(815301076,1909f56bfc062723c751e8b465ee728b)
Start importing Assets/Crystal_Mine/Materials/WoodenBarrier.mat using Guid(993b04202e339c348a09641abb202117) Importer(815301076,1909f56bfc062723c751e8b465ee728b)  -> (artifact id: '9895fb65896be879527f4d99eedb11e8') in 0.077302 seconds 
  Import took 0.088162 seconds .

========================================================================
Received Import Request.
  Time since last request: 0.000451 seconds.
  path: Assets/Crystal_Mine/Models/Materials/PickaxMat.mat
  artifactKey: Guid(08c1f5fe36df79248a7ba07db8483cef) Importer(815301076,1909f56bfc062723c751e8b465ee728b)
Start importing Assets/Crystal_Mine/Models/Materials/PickaxMat.mat using Guid(08c1f5fe36df79248a7ba07db8483cef) Importer(815301076,1909f56bfc062723c751e8b465ee728b)  -> (artifact id: 'ac04577d29de363a6b2404434f2140c7') in 0.025607 seconds 
  Import took 0.036564 seconds .

========================================================================
Received Import Request.
  Time since last request: 0.000375 seconds.
  path: Assets/Crystal_Mine/Models/Materials/Group63214Mat.mat
  artifactKey: Guid(264d65f34afeb31458069dab8e1320b8) Importer(815301076,1909f56bfc062723c751e8b465ee728b)
Start importing Assets/Crystal_Mine/Models/Materials/Group63214Mat.mat using Guid(264d65f34afeb31458069dab8e1320b8) Importer(815301076,1909f56bfc062723c751e8b465ee728b)  -> (artifact id: '96e4a17ca6b9fca65ea2c0296852c0eb') in 0.034117 seconds 
  Import took 0.041250 seconds .

========================================================================
Received Import Request.
  Time since last request: 0.000376 seconds.
  path: Assets/Crystal_Mine/Models/Materials/Group18803Mat.mat
  artifactKey: Guid(c27892d61fe05d04888fe17e2aa35970) Importer(815301076,1909f56bfc062723c751e8b465ee728b)
Start importing Assets/Crystal_Mine/Models/Materials/Group18803Mat.mat using Guid(c27892d61fe05d04888fe17e2aa35970) Importer(815301076,1909f56bfc062723c751e8b465ee728b)  -> (artifact id: '99123396816da2dcd7f227aed74de7e6') in 0.032325 seconds 
  Import took 0.040329 seconds .

========================================================================
Received Import Request.
  Time since last request: 0.000351 seconds.
  path: Assets/Crystal_Mine/Materials/RockWall.mat
  artifactKey: Guid(9145cf53dfc69934fa3c4b44e5b03b51) Importer(815301076,1909f56bfc062723c751e8b465ee728b)
Start importing Assets/Crystal_Mine/Materials/RockWall.mat using Guid(9145cf53dfc69934fa3c4b44e5b03b51) Importer(815301076,1909f56bfc062723c751e8b465ee728b)  -> (artifact id: 'b737c5070520341cfa4e86f2c3951ce3') in 0.087929 seconds 
  Import took 0.098689 seconds .

========================================================================
Received Import Request.
  Time since last request: 0.000380 seconds.
  path: Assets/Crystal_Mine/Materials/PickAx.mat
  artifactKey: Guid(60aec47d785dc2148bf89a49ab3c3d03) Importer(815301076,1909f56bfc062723c751e8b465ee728b)
Start importing Assets/Crystal_Mine/Materials/PickAx.mat using Guid(60aec47d785dc2148bf89a49ab3c3d03) Importer(815301076,1909f56bfc062723c751e8b465ee728b)  -> (artifact id: '92c9b9eee1be128450a038c7cb97ccf8') in 0.063893 seconds 
  Import took 0.070209 seconds .

========================================================================
Received Import Request.
  Time since last request: 0.000383 seconds.
  path: Assets/Crystal_Mine/Materials/Rail_Road.mat
  artifactKey: Guid(75baccb9184c2dc4aa8394f403e0950e) Importer(815301076,1909f56bfc062723c751e8b465ee728b)
Start importing Assets/Crystal_Mine/Materials/Rail_Road.mat using Guid(75baccb9184c2dc4aa8394f403e0950e) Importer(815301076,1909f56bfc062723c751e8b465ee728b)  -> (artifact id: 'dfa221e807b335288d247c07c5e5dcca') in 0.042800 seconds 
  Import took 0.061275 seconds .

========================================================================
Received Import Request.
  Time since last request: 0.000430 seconds.
  path: Assets/Crystal_Mine/Materials/LaternMiscMat.mat
  artifactKey: Guid(26ad549fa70b88a4fbe2197a60d5ad45) Importer(815301076,1909f56bfc062723c751e8b465ee728b)
Start importing Assets/Crystal_Mine/Materials/LaternMiscMat.mat using Guid(26ad549fa70b88a4fbe2197a60d5ad45) Importer(815301076,1909f56bfc062723c751e8b465ee728b)  -> (artifact id: '53bcd50beb521323d4a1a7143a5ab93e') in 0.050979 seconds 
  Import took 0.063884 seconds .

========================================================================
Received Import Request.
  Time since last request: 0.000485 seconds.
  path: Assets/Crystal_Mine/Materials/PickaxMetal_wire_086086086_AlbedoTransparency.mat
  artifactKey: Guid(3b94e8520017a01418e54b74b934cf26) Importer(815301076,1909f56bfc062723c751e8b465ee728b)
Start importing Assets/Crystal_Mine/Materials/PickaxMetal_wire_086086086_AlbedoTransparency.mat using Guid(3b94e8520017a01418e54b74b934cf26) Importer(815301076,1909f56bfc062723c751e8b465ee728b)  -> (artifact id: '78c133712ee47ab3083cde8e507d83a9') in 0.049593 seconds 
  Import took 0.058496 seconds .

========================================================================
Received Import Request.
  Time since last request: 0.000539 seconds.
  path: Assets/Crystal_Mine/Materials/Cart_Bottom.mat
  artifactKey: Guid(4f4884b082ddee148b31274bbbc5eaec) Importer(815301076,1909f56bfc062723c751e8b465ee728b)
Start importing Assets/Crystal_Mine/Materials/Cart_Bottom.mat using Guid(4f4884b082ddee148b31274bbbc5eaec) Importer(815301076,1909f56bfc062723c751e8b465ee728b)  -> (artifact id: '7cfeffb8d12d2053c1cf25cd7918db61') in 0.055527 seconds 
  Import took 0.064827 seconds .

========================================================================
Received Import Request.
  Time since last request: 0.003497 seconds.
  path: Assets/Crystal_Mine/Materials/Crystal.mat
  artifactKey: Guid(a00cdeb9e8dd5154c883f11673331a7e) Importer(815301076,1909f56bfc062723c751e8b465ee728b)
Start importing Assets/Crystal_Mine/Materials/Crystal.mat using Guid(a00cdeb9e8dd5154c883f11673331a7e) Importer(815301076,1909f56bfc062723c751e8b465ee728b)  -> (artifact id: 'aa2c8cd016206a4291a4c3f9a82c9f81') in 0.040930 seconds 
  Import took 0.050276 seconds .

========================================================================
Received Import Request.
  Time since last request: 0.000485 seconds.
  path: Assets/Crystal_Mine/Materials/Wall2.mat
  artifactKey: Guid(a19f7bee3bcf37545af0d733fd0ca403) Importer(815301076,1909f56bfc062723c751e8b465ee728b)
Start importing Assets/Crystal_Mine/Materials/Wall2.mat using Guid(a19f7bee3bcf37545af0d733fd0ca403) Importer(815301076,1909f56bfc062723c751e8b465ee728b)  -> (artifact id: 'ee5c6c01b3ccf7b3c77a63fab3244d75') in 0.086218 seconds 
  Import took 0.093921 seconds .

========================================================================
Received Import Request.
  Time since last request: 0.000331 seconds.
  path: Assets/Crystal_Mine/Models/Materials/Group63211Mat.mat
  artifactKey: Guid(c79666e3412fbe54fa28012b87b84038) Importer(815301076,1909f56bfc062723c751e8b465ee728b)
Start importing Assets/Crystal_Mine/Models/Materials/Group63211Mat.mat using Guid(c79666e3412fbe54fa28012b87b84038) Importer(815301076,1909f56bfc062723c751e8b465ee728b)  -> (artifact id: 'c0b614247d0a33c34eef3dbf37b732a8') in 0.037042 seconds 
  Import took 0.048382 seconds .

========================================================================
Received Import Request.
  Time since last request: 0.000372 seconds.
  path: Assets/Crystal_Mine/Materials/RoundedWall.mat
  artifactKey: Guid(2cebf4fdf0686cd44bdd373d6aa0c29d) Importer(815301076,1909f56bfc062723c751e8b465ee728b)
Start importing Assets/Crystal_Mine/Materials/RoundedWall.mat using Guid(2cebf4fdf0686cd44bdd373d6aa0c29d) Importer(815301076,1909f56bfc062723c751e8b465ee728b)  -> (artifact id: 'd330d56a79a1783891056d2f15d66c09') in 0.082922 seconds 
  Import took 0.093923 seconds .

========================================================================
Received Import Request.
  Time since last request: 0.000386 seconds.
  path: Assets/Crystal_Mine/Materials/Nails.mat
  artifactKey: Guid(745b804ecebcb4d488617cafda623ee8) Importer(815301076,1909f56bfc062723c751e8b465ee728b)
Start importing Assets/Crystal_Mine/Materials/Nails.mat using Guid(745b804ecebcb4d488617cafda623ee8) Importer(815301076,1909f56bfc062723c751e8b465ee728b)  -> (artifact id: 'ef6da7e12193053ba6c2934b594f8028') in 0.038345 seconds 
  Import took 0.045781 seconds .

========================================================================
Received Import Request.
  Time since last request: 0.000455 seconds.
  path: Assets/Crystal_Mine/Materials
  artifactKey: Guid(caf8e09d2522970408518cdc1e3f5691) Importer(815301076,1909f56bfc062723c751e8b465ee728b)
Start importing Assets/Crystal_Mine/Materials using Guid(caf8e09d2522970408518cdc1e3f5691) Importer(815301076,1909f56bfc062723c751e8b465ee728b)  -> (artifact id: '702718677ed08f04c69318ca2f42729f') in 0.009731 seconds 
  Import took 0.018057 seconds .

========================================================================
Received Import Request.
  Time since last request: 0.000653 seconds.
  path: Assets/Crystal_Mine/Models/Materials/Box008Mat.mat
  artifactKey: Guid(96b050ee33d99ed498dcbf29732513d2) Importer(815301076,1909f56bfc062723c751e8b465ee728b)
Start importing Assets/Crystal_Mine/Models/Materials/Box008Mat.mat using Guid(96b050ee33d99ed498dcbf29732513d2) Importer(815301076,1909f56bfc062723c751e8b465ee728b)  -> (artifact id: '6c21f1e552e4282c1b0966d6343e0b6b') in 0.046749 seconds 
  Import took 0.057243 seconds .

========================================================================
Received Import Request.
  Time since last request: 0.000411 seconds.
  path: Assets/Crystal_Mine/Models/Materials/ceilingloMat.mat
  artifactKey: Guid(69efc9203baa539439e388126fe87534) Importer(815301076,1909f56bfc062723c751e8b465ee728b)
Start importing Assets/Crystal_Mine/Models/Materials/ceilingloMat.mat using Guid(69efc9203baa539439e388126fe87534) Importer(815301076,1909f56bfc062723c751e8b465ee728b)  -> (artifact id: 'e7d6c84f9f7bafccf6054c2b2d5fa678') in 0.034626 seconds 
  Import took 0.047059 seconds .

========================================================================
Received Import Request.
  Time since last request: 0.000933 seconds.
  path: Assets/Crystal_Mine/Models/Materials/Object008Mat.mat
  artifactKey: Guid(4ec2fd28888918445898cabf182542b8) Importer(815301076,1909f56bfc062723c751e8b465ee728b)
Start importing Assets/Crystal_Mine/Models/Materials/Object008Mat.mat using Guid(4ec2fd28888918445898cabf182542b8) Importer(815301076,1909f56bfc062723c751e8b465ee728b)  -> (artifact id: 'ad6a788d02e2518806f66e32b41753af') in 0.031543 seconds 
  Import took 0.043209 seconds .

========================================================================
Received Import Request.
  Time since last request: 0.000474 seconds.
  path: Assets/Crystal_Mine/Models/Materials/Box005Mat.mat
  artifactKey: Guid(e363f9d6c56cc3c42af167dee360b6b9) Importer(815301076,1909f56bfc062723c751e8b465ee728b)
Start importing Assets/Crystal_Mine/Models/Materials/Box005Mat.mat using Guid(e363f9d6c56cc3c42af167dee360b6b9) Importer(815301076,1909f56bfc062723c751e8b465ee728b)  -> (artifact id: 'acdeb6616514ace6034a5368a2d38ffe') in 0.039417 seconds 
  Import took 0.051485 seconds .

========================================================================
Received Import Request.
  Time since last request: 0.000098 seconds.
  path: Assets/Crystal_Mine/Materials/doublewall.mat
  artifactKey: Guid(b56ddc7c8696f7341b6d80f31f47cacf) Importer(815301076,1909f56bfc062723c751e8b465ee728b)
Start importing Assets/Crystal_Mine/Materials/doublewall.mat using Guid(b56ddc7c8696f7341b6d80f31f47cacf) Importer(815301076,1909f56bfc062723c751e8b465ee728b)  -> (artifact id: 'c1462eb9df5d904efee09e329e5e5a70') in 0.112552 seconds 
  Import took 0.121135 seconds .

========================================================================
Received Import Request.
  Time since last request: 0.000377 seconds.
  path: Assets/Crystal_Mine/Models/Materials/Group21462Mat.mat
  artifactKey: Guid(6dd244b4b64d5cd44abac67417f9edbf) Importer(815301076,1909f56bfc062723c751e8b465ee728b)
Start importing Assets/Crystal_Mine/Models/Materials/Group21462Mat.mat using Guid(6dd244b4b64d5cd44abac67417f9edbf) Importer(815301076,1909f56bfc062723c751e8b465ee728b)  -> (artifact id: '7740c8f1647736b2faea7bcbeb473fee') in 0.034315 seconds 
  Import took 0.043796 seconds .

========================================================================
Received Import Request.
  Time since last request: 0.000327 seconds.
  path: Assets/Crystal_Mine/Materials/Floor.mat
  artifactKey: Guid(9d47439176c33614b8854d1f791ccccb) Importer(815301076,1909f56bfc062723c751e8b465ee728b)
Start importing Assets/Crystal_Mine/Materials/Floor.mat using Guid(9d47439176c33614b8854d1f791ccccb) Importer(815301076,1909f56bfc062723c751e8b465ee728b)  -> (artifact id: '67bb1e8882172c70c6503685ff219d7c') in 0.073135 seconds 
  Import took 0.080038 seconds .

========================================================================
Received Import Request.
  Time since last request: 47.143579 seconds.
  path: Assets/Crystal_Mine/Spline_Tool/MeshTrail - path.prefab
  artifactKey: Guid(618bfaf13f26528478a752ca9a629c71) Importer(815301076,1909f56bfc062723c751e8b465ee728b)
Start importing Assets/Crystal_Mine/Spline_Tool/MeshTrail - path.prefab using Guid(618bfaf13f26528478a752ca9a629c71) Importer(815301076,1909f56bfc062723c751e8b465ee728b)  -> (artifact id: 'fbb85e1f7f6d41be8a3c40b96cba3faf') in 0.040715 seconds 
  Import took 0.047725 seconds .

========================================================================
Received Import Request.
  Time since last request: 0.000438 seconds.
  path: Assets/Crystal_Mine/Spline_Tool/TrainTrack_segment_small 1.obj
  artifactKey: Guid(05875b52d326aab479ca17b221755528) Importer(815301076,1909f56bfc062723c751e8b465ee728b)
Start importing Assets/Crystal_Mine/Spline_Tool/TrainTrack_segment_small 1.obj using Guid(05875b52d326aab479ca17b221755528) Importer(815301076,1909f56bfc062723c751e8b465ee728b)  -> (artifact id: 'd0556c91a4ce15c85cb16fcbc35db4db') in 0.167659 seconds 
  Import took 0.175201 seconds .

========================================================================
Received Import Request.
  Time since last request: 3.049390 seconds.
  path: Assets/Crystal_Mine/Textures/Barrier_heights.bmp
  artifactKey: Guid(fb9969f8d05be7e48a6f92a350361480) Importer(815301076,1909f56bfc062723c751e8b465ee728b)
Start importing Assets/Crystal_Mine/Textures/Barrier_heights.bmp using Guid(fb9969f8d05be7e48a6f92a350361480) Importer(815301076,1909f56bfc062723c751e8b465ee728b)  -> (artifact id: '9da85edb43a07482a0caa039871190c1') in 0.075535 seconds 
  Import took 0.084896 seconds .

========================================================================
Received Import Request.
  Time since last request: 0.000372 seconds.
  path: Assets/Crystal_Mine/Textures/Ceiling_occlusion.bmp
  artifactKey: Guid(c838f43161a5f2e4ab02fe11c4d2fe47) Importer(815301076,1909f56bfc062723c751e8b465ee728b)
Start importing Assets/Crystal_Mine/Textures/Ceiling_occlusion.bmp using Guid(c838f43161a5f2e4ab02fe11c4d2fe47) Importer(815301076,1909f56bfc062723c751e8b465ee728b)  -> (artifact id: '204aed50ea7455532db339bd542ccdba') in 0.042548 seconds 
  Import took 0.054164 seconds .

========================================================================
Received Import Request.
  Time since last request: 0.000566 seconds.
  path: Assets/Crystal_Mine/Textures/Ceiling_heights.bmp
  artifactKey: Guid(b7ac26fc29fae6a428c8f79d9b958172) Importer(815301076,1909f56bfc062723c751e8b465ee728b)
Start importing Assets/Crystal_Mine/Textures/Ceiling_heights.bmp using Guid(b7ac26fc29fae6a428c8f79d9b958172) Importer(815301076,1909f56bfc062723c751e8b465ee728b)  -> (artifact id: '1c207dad85b05db79fdc09fb2b52a723') in 0.077033 seconds 
  Import took 0.085269 seconds .

========================================================================
Received Import Request.
  Time since last request: 0.001401 seconds.
  path: Assets/Crystal_Mine/Textures/doubleWall_lp_defaultMat_MetallicSmoothness.png
  artifactKey: Guid(4b5309ee6cd7e124ca20567c84fd715e) Importer(815301076,1909f56bfc062723c751e8b465ee728b)
Start importing Assets/Crystal_Mine/Textures/doubleWall_lp_defaultMat_MetallicSmoothness.png using Guid(4b5309ee6cd7e124ca20567c84fd715e) Importer(815301076,1909f56bfc062723c751e8b465ee728b)  -> (artifact id: '5491ef3175d0ef35fc5185ff060e657c') in 0.244188 seconds 
  Import took 0.253783 seconds .

========================================================================
Received Import Request.
  Time since last request: 0.000395 seconds.
  path: Assets/Crystal_Mine/Textures/MetalBarrierlp_wire_177148027_MetallicSmoothness.png
  artifactKey: Guid(29c2e63d5791dbf46a38741c9c20baca) Importer(815301076,1909f56bfc062723c751e8b465ee728b)
Start importing Assets/Crystal_Mine/Textures/MetalBarrierlp_wire_177148027_MetallicSmoothness.png using Guid(29c2e63d5791dbf46a38741c9c20baca) Importer(815301076,1909f56bfc062723c751e8b465ee728b)  -> (artifact id: '4a0deeae42d5ab571beb25a9f21b3bd2') in 0.033365 seconds 
  Import took 0.043339 seconds .

========================================================================
Received Import Request.
  Time since last request: 0.000463 seconds.
  path: Assets/Crystal_Mine/Textures/MineCartBottem_wire_086086086_MetallicSmoothness.png
  artifactKey: Guid(b680e43d7e21efb4fbb4d29d76efa770) Importer(815301076,1909f56bfc062723c751e8b465ee728b)
Start importing Assets/Crystal_Mine/Textures/MineCartBottem_wire_086086086_MetallicSmoothness.png using Guid(b680e43d7e21efb4fbb4d29d76efa770) Importer(815301076,1909f56bfc062723c751e8b465ee728b)  -> (artifact id: '0ed09cd7ca6616d6fddb6d7a474da92a') in 0.037469 seconds 
  Import took 0.046279 seconds .

========================================================================
Received Import Request.
  Time since last request: 0.000584 seconds.
  path: Assets/Crystal_Mine/Textures/LaternMisc__metal2defaultMat_AlbedoTransparency.png
  artifactKey: Guid(f78b94f8d65e66244b7b6afbb2d46e49) Importer(815301076,1909f56bfc062723c751e8b465ee728b)
Start importing Assets/Crystal_Mine/Textures/LaternMisc__metal2defaultMat_AlbedoTransparency.png using Guid(f78b94f8d65e66244b7b6afbb2d46e49) Importer(815301076,1909f56bfc062723c751e8b465ee728b)  -> (artifact id: '21b8ff42d25f394e1891132df966bba9') in 0.030086 seconds 
  Import took 0.041809 seconds .

========================================================================
Received Import Request.
  Time since last request: 0.003593 seconds.
  path: Assets/Crystal_Mine/Textures/Floor_normals.bmp
  artifactKey: Guid(aec87a157316d894688297b241c95942) Importer(815301076,1909f56bfc062723c751e8b465ee728b)
Start importing Assets/Crystal_Mine/Textures/Floor_normals.bmp using Guid(aec87a157316d894688297b241c95942) Importer(815301076,1909f56bfc062723c751e8b465ee728b)  -> (artifact id: 'b4b206259374096394c38038949a41df') in 0.048852 seconds 
  Import took 0.062444 seconds .

========================================================================
Received Import Request.
  Time since last request: 0.000449 seconds.
  path: Assets/Crystal_Mine/Textures/MetalBarrierlp_wire_177148027_AlbedoTransparency 1.png
  artifactKey: Guid(89295956a58b3564080a42b8a89f7e78) Importer(815301076,1909f56bfc062723c751e8b465ee728b)
Start importing Assets/Crystal_Mine/Textures/MetalBarrierlp_wire_177148027_AlbedoTransparency 1.png using Guid(89295956a58b3564080a42b8a89f7e78) Importer(815301076,1909f56bfc062723c751e8b465ee728b)  -> (artifact id: '39500064733d91c5ac76d012c3fe8fde') in 0.035929 seconds 
  Import took 0.049544 seconds .

========================================================================
Received Import Request.
  Time since last request: 0.000461 seconds.
  path: Assets/Crystal_Mine/Textures/CrystalRock_normals.bmp
  artifactKey: Guid(a4fb854a914a3e44fb3a72138c9d0b11) Importer(815301076,1909f56bfc062723c751e8b465ee728b)
Start importing Assets/Crystal_Mine/Textures/CrystalRock_normals.bmp using Guid(a4fb854a914a3e44fb3a72138c9d0b11) Importer(815301076,1909f56bfc062723c751e8b465ee728b)  -> (artifact id: '2e0c57cec69df06eeb5016919f0ecdbd') in 0.040565 seconds 
  Import took 0.054902 seconds .

========================================================================
Received Import Request.
  Time since last request: 0.000370 seconds.
  path: Assets/Crystal_Mine/Textures/Minecart_Top_wire_086086086_MetallicSmoothness.png
  artifactKey: Guid(e593fa0404395394293a73fa1028065a) Importer(815301076,1909f56bfc062723c751e8b465ee728b)
Start importing Assets/Crystal_Mine/Textures/Minecart_Top_wire_086086086_MetallicSmoothness.png using Guid(e593fa0404395394293a73fa1028065a) Importer(815301076,1909f56bfc062723c751e8b465ee728b)  -> (artifact id: '5a4830cb0286a8cf0e7f482a1947652b') in 0.026867 seconds 
  Import took 0.034981 seconds .

========================================================================
Received Import Request.
  Time since last request: 0.000502 seconds.
  path: Assets/Crystal_Mine/Textures/Floor_heights.bmp
  artifactKey: Guid(eca0946a833b17c4da27296ec94fad97) Importer(815301076,1909f56bfc062723c751e8b465ee728b)
Start importing Assets/Crystal_Mine/Textures/Floor_heights.bmp using Guid(eca0946a833b17c4da27296ec94fad97) Importer(815301076,1909f56bfc062723c751e8b465ee728b)  -> (artifact id: '592ef7996734a1434f1603c8da054a04') in 0.042495 seconds 
  Import took 0.052624 seconds .

========================================================================
Received Import Request.
  Time since last request: 0.000872 seconds.
  path: Assets/Crystal_Mine/Textures/Minecart_Top_wire_086086086_AlbedoTransparency.png
  artifactKey: Guid(a29ebd269e7516249813c8ba0a3b6a37) Importer(815301076,1909f56bfc062723c751e8b465ee728b)
Start importing Assets/Crystal_Mine/Textures/Minecart_Top_wire_086086086_AlbedoTransparency.png using Guid(a29ebd269e7516249813c8ba0a3b6a37) Importer(815301076,1909f56bfc062723c751e8b465ee728b)  -> (artifact id: '327f355be73e10b2343b4dac974887b3') in 0.025062 seconds 
  Import took 0.033754 seconds .

========================================================================
Received Import Request.
  Time since last request: 0.000420 seconds.
  path: Assets/Crystal_Mine/Textures/CrystalRock_occlusion.bmp
  artifactKey: Guid(c81b684cab8f1104288be843212334c4) Importer(815301076,1909f56bfc062723c751e8b465ee728b)
Start importing Assets/Crystal_Mine/Textures/CrystalRock_occlusion.bmp using Guid(c81b684cab8f1104288be843212334c4) Importer(815301076,1909f56bfc062723c751e8b465ee728b)  -> (artifact id: '989eddbfef7ed34df2badab86fe1fd60') in 0.029975 seconds 
  Import took 0.039141 seconds .

========================================================================
Received Import Request.
  Time since last request: 0.000476 seconds.
  path: Assets/Crystal_Mine/Textures/ceilinglp_default_AlbedoTransparency.png
  artifactKey: Guid(6c88b673e2fc50f4bad9a51d9cebc12e) Importer(815301076,1909f56bfc062723c751e8b465ee728b)
Start importing Assets/Crystal_Mine/Textures/ceilinglp_default_AlbedoTransparency.png using Guid(6c88b673e2fc50f4bad9a51d9cebc12e) Importer(815301076,1909f56bfc062723c751e8b465ee728b)  -> (artifact id: '63f05e9117c422e2fd88659a69253eaa') in 0.036647 seconds 
  Import took 0.049955 seconds .

========================================================================
Received Import Request.
  Time since last request: 0.000400 seconds.
  path: Assets/Crystal_Mine/Textures/LaternLP__metal2defaultMat_Normal.png
  artifactKey: Guid(938f562c91815084bb86c1d324b4a680) Importer(815301076,1909f56bfc062723c751e8b465ee728b)
Start importing Assets/Crystal_Mine/Textures/LaternLP__metal2defaultMat_Normal.png using Guid(938f562c91815084bb86c1d324b4a680) Importer(815301076,1909f56bfc062723c751e8b465ee728b)  -> (artifact id: 'd27bcb3d600bb40c885866b90d6aafcc') in 0.039661 seconds 
  Import took 0.047731 seconds .

========================================================================
Received Import Request.
  Time since last request: 0.000393 seconds.
  path: Assets/Crystal_Mine/Textures/CrystalRock_heights.bmp
  artifactKey: Guid(5728475ae743e1e42921d10a5694f54a) Importer(815301076,1909f56bfc062723c751e8b465ee728b)
Start importing Assets/Crystal_Mine/Textures/CrystalRock_heights.bmp using Guid(5728475ae743e1e42921d10a5694f54a) Importer(815301076,1909f56bfc062723c751e8b465ee728b)  -> (artifact id: 'fa7375e01f5964f148b1153a253ca077') in 0.124179 seconds 
  Import took 0.132841 seconds .

========================================================================
Received Import Request.
  Time since last request: 0.000458 seconds.
  path: Assets/Crystal_Mine/Textures/floorlp_default_AlbedoTransparency.png
  artifactKey: Guid(572630a8bba99d94eb31c4331e961efe) Importer(815301076,1909f56bfc062723c751e8b465ee728b)
Start importing Assets/Crystal_Mine/Textures/floorlp_default_AlbedoTransparency.png using Guid(572630a8bba99d94eb31c4331e961efe) Importer(815301076,1909f56bfc062723c751e8b465ee728b)  -> (artifact id: '70b0c5eaaeec37f50df38c60ec561532') in 0.051491 seconds 
  Import took 0.064209 seconds .

========================================================================
Received Import Request.
  Time since last request: 0.000394 seconds.
  path: Assets/Crystal_Mine/Textures/LaternLP__metal2defaultMat_AlbedoTransparency.png
  artifactKey: Guid(8e59ba9359a0c6e4a81fc020b5050be6) Importer(815301076,1909f56bfc062723c751e8b465ee728b)
Start importing Assets/Crystal_Mine/Textures/LaternLP__metal2defaultMat_AlbedoTransparency.png using Guid(8e59ba9359a0c6e4a81fc020b5050be6) Importer(815301076,1909f56bfc062723c751e8b465ee728b)  -> (artifact id: '6b110ff0770de7b257dcceead2c9574f') in 0.028771 seconds 
  Import took 0.040828 seconds .

========================================================================
Received Import Request.
  Time since last request: 0.000564 seconds.
  path: Assets/Crystal_Mine/Textures/Latern_heights.bmp
  artifactKey: Guid(b732e8f6fb6821f4781e2f816643d316) Importer(815301076,1909f56bfc062723c751e8b465ee728b)
Start importing Assets/Crystal_Mine/Textures/Latern_heights.bmp using Guid(b732e8f6fb6821f4781e2f816643d316) Importer(815301076,1909f56bfc062723c751e8b465ee728b)  -> (artifact id: '9d173ea32edf6168cbbe711eb2766c27') in 0.030138 seconds 
  Import took 0.047520 seconds .

========================================================================
Received Import Request.
  Time since last request: 0.000386 seconds.
  path: Assets/Crystal_Mine/Textures/LaternMisc__metal2defaultMat_Normal.png
  artifactKey: Guid(4c8830686ed506740b4658c7aa3081b7) Importer(815301076,1909f56bfc062723c751e8b465ee728b)
Start importing Assets/Crystal_Mine/Textures/LaternMisc__metal2defaultMat_Normal.png using Guid(4c8830686ed506740b4658c7aa3081b7) Importer(815301076,1909f56bfc062723c751e8b465ee728b)  -> (artifact id: 'd29740cdb60f0cbed5cab88616e92114') in 0.035347 seconds 
  Import took 0.043119 seconds .

========================================================================
Received Import Request.
  Time since last request: 0.000589 seconds.
  path: Assets/Crystal_Mine/Textures/LaternLP__metal2defaultMat_MetallicSmoothness.png
  artifactKey: Guid(199bf74f62c535244b97ef3ff2ec28fa) Importer(815301076,1909f56bfc062723c751e8b465ee728b)
Start importing Assets/Crystal_Mine/Textures/LaternLP__metal2defaultMat_MetallicSmoothness.png using Guid(199bf74f62c535244b97ef3ff2ec28fa) Importer(815301076,1909f56bfc062723c751e8b465ee728b)  -> (artifact id: '4f1be20df400ef0f21092d97ef264412') in 0.027489 seconds 
  Import took 0.039550 seconds .

========================================================================
Received Import Request.
  Time since last request: 0.000441 seconds.
  path: Assets/Crystal_Mine/Textures/DoubleWall_heights.bmp
  artifactKey: Guid(9f8f674f2628bfa4db4bdf8f0531afd8) Importer(815301076,1909f56bfc062723c751e8b465ee728b)
Start importing Assets/Crystal_Mine/Textures/DoubleWall_heights.bmp using Guid(9f8f674f2628bfa4db4bdf8f0531afd8) Importer(815301076,1909f56bfc062723c751e8b465ee728b)  -> (artifact id: '47cc03ad0f745d1648eed850cd11510c') in 0.043790 seconds 
  Import took 0.055493 seconds .

========================================================================
Received Import Request.
  Time since last request: 0.000086 seconds.
  path: Assets/Crystal_Mine/Textures/MineCartBottem_wire_086086086_Normal.png
  artifactKey: Guid(f4f4335eaef769842a450b74e10098b8) Importer(815301076,1909f56bfc062723c751e8b465ee728b)
Start importing Assets/Crystal_Mine/Textures/MineCartBottem_wire_086086086_Normal.png using Guid(f4f4335eaef769842a450b74e10098b8) Importer(815301076,1909f56bfc062723c751e8b465ee728b)  -> (artifact id: 'f6c69323a6a5ec977d6bdcfb14d2260c') in 0.031780 seconds 
  Import took 0.046776 seconds .

========================================================================
Received Import Request.
  Time since last request: 0.000445 seconds.
  path: Assets/Crystal_Mine/Textures/Minecart_Top_wire_086086086_Normal.png
  artifactKey: Guid(29f46ab5ce8fa514d8014cd1550c3871) Importer(815301076,1909f56bfc062723c751e8b465ee728b)
Start importing Assets/Crystal_Mine/Textures/Minecart_Top_wire_086086086_Normal.png using Guid(29f46ab5ce8fa514d8014cd1550c3871) Importer(815301076,1909f56bfc062723c751e8b465ee728b)  -> (artifact id: '1b94abc93eacfe286854a2a5b48554ea') in 0.052551 seconds 
  Import took 0.061764 seconds .

========================================================================
Received Import Request.
  Time since last request: 0.000409 seconds.
  path: Assets/Crystal_Mine/Textures/MineWall_heights.bmp
  artifactKey: Guid(81102033b411c0e41bdfad646577afa9) Importer(815301076,1909f56bfc062723c751e8b465ee728b)
Start importing Assets/Crystal_Mine/Textures/MineWall_heights.bmp using Guid(81102033b411c0e41bdfad646577afa9) Importer(815301076,1909f56bfc062723c751e8b465ee728b)  -> (artifact id: '6d42a115c7992d6d7c785ed2fec710e5') in 0.060212 seconds 
  Import took 0.079039 seconds .

========================================================================
Received Import Request.
  Time since last request: 0.000447 seconds.
  path: Assets/Crystal_Mine/Textures/MetalBarrierlp_wire_177148027_Normal.png
  artifactKey: Guid(99282c6331a37ef4981f47eaa5dcc571) Importer(815301076,1909f56bfc062723c751e8b465ee728b)
Start importing Assets/Crystal_Mine/Textures/MetalBarrierlp_wire_177148027_Normal.png using Guid(99282c6331a37ef4981f47eaa5dcc571) Importer(815301076,1909f56bfc062723c751e8b465ee728b)  -> (artifact id: '7d482edc36a2bef12e2fa4403d3be0f7') in 0.068025 seconds 
  Import took 0.081461 seconds .

========================================================================
Received Import Request.
  Time since last request: 0.000444 seconds.
  path: Assets/Crystal_Mine/Textures/Barrier_occlusion.bmp
  artifactKey: Guid(3f3e8133ce05e9b42b8de13ed204b57a) Importer(815301076,1909f56bfc062723c751e8b465ee728b)
Start importing Assets/Crystal_Mine/Textures/Barrier_occlusion.bmp using Guid(3f3e8133ce05e9b42b8de13ed204b57a) Importer(815301076,1909f56bfc062723c751e8b465ee728b)  -> (artifact id: '840c1b382724895e32f6a8b9e6236654') in 0.042617 seconds 
  Import took 0.054949 seconds .

========================================================================
Received Import Request.
  Time since last request: 0.000453 seconds.
  path: Assets/Crystal_Mine/Textures/MineCartBottem_wire_086086086_AlbedoTransparency.png
  artifactKey: Guid(da61cd1a1d813d143a2c5556f9380d3e) Importer(815301076,1909f56bfc062723c751e8b465ee728b)
Start importing Assets/Crystal_Mine/Textures/MineCartBottem_wire_086086086_AlbedoTransparency.png using Guid(da61cd1a1d813d143a2c5556f9380d3e) Importer(815301076,1909f56bfc062723c751e8b465ee728b)  -> (artifact id: 'b080ba24be972663e06c527628e7b371') in 0.078086 seconds 
  Import took 0.085982 seconds .

========================================================================
Received Import Request.
  Time since last request: 0.000426 seconds.
  path: Assets/Crystal_Mine/Textures/Ceiling_normals.bmp
  artifactKey: Guid(d245ad6cdfef3f74880a47aa74759c7f) Importer(815301076,1909f56bfc062723c751e8b465ee728b)
Start importing Assets/Crystal_Mine/Textures/Ceiling_normals.bmp using Guid(d245ad6cdfef3f74880a47aa74759c7f) Importer(815301076,1909f56bfc062723c751e8b465ee728b)  -> (artifact id: '107f4a570d78a29b537d59a2ac201238') in 0.045338 seconds 
  Import took 0.059986 seconds .

========================================================================
Received Import Request.
  Time since last request: 0.000117 seconds.
  path: Assets/Crystal_Mine/Textures/doubleWall_lp_defaultMat_Normal.png
  artifactKey: Guid(ca4d142daf26e4049b7c67af9cf832ea) Importer(815301076,1909f56bfc062723c751e8b465ee728b)
Start importing Assets/Crystal_Mine/Textures/doubleWall_lp_defaultMat_Normal.png using Guid(ca4d142daf26e4049b7c67af9cf832ea) Importer(815301076,1909f56bfc062723c751e8b465ee728b)  -> (artifact id: '77f0c2b02b755bb0e3e80662e66df0fe') in 0.042248 seconds 
  Import took 0.051121 seconds .

========================================================================
Received Import Request.
  Time since last request: 0.000483 seconds.
  path: Assets/Crystal_Mine/Textures/MineWall_normals.bmp
  artifactKey: Guid(39e98214d221794479f5aaf8cfae4385) Importer(815301076,1909f56bfc062723c751e8b465ee728b)
Start importing Assets/Crystal_Mine/Textures/MineWall_normals.bmp using Guid(39e98214d221794479f5aaf8cfae4385) Importer(815301076,1909f56bfc062723c751e8b465ee728b)  -> (artifact id: 'ea82625e40bbffd51f98b4325cac2516') in 0.054713 seconds 
  Import took 0.062358 seconds .

========================================================================
Received Import Request.
  Time since last request: 0.000478 seconds.
  path: Assets/Crystal_Mine/Textures/LaternMisc__metal2defaultMat_MetallicSmoothness.png
  artifactKey: Guid(e26bbad7e9c17984a8b1bf66b5c94d3f) Importer(815301076,1909f56bfc062723c751e8b465ee728b)
Start importing Assets/Crystal_Mine/Textures/LaternMisc__metal2defaultMat_MetallicSmoothness.png using Guid(e26bbad7e9c17984a8b1bf66b5c94d3f) Importer(815301076,1909f56bfc062723c751e8b465ee728b)  -> (artifact id: '22555175e250947c7b10d030a1c2e280') in 0.027070 seconds 
  Import took 0.045625 seconds .

========================================================================
Received Import Request.
  Time since last request: 0.000406 seconds.
  path: Assets/Crystal_Mine/Textures/Latern_occlusion.bmp
  artifactKey: Guid(fe7be47f23a563b43a3928605c83c9e9) Importer(815301076,1909f56bfc062723c751e8b465ee728b)
Start importing Assets/Crystal_Mine/Textures/Latern_occlusion.bmp using Guid(fe7be47f23a563b43a3928605c83c9e9) Importer(815301076,1909f56bfc062723c751e8b465ee728b)  -> (artifact id: '039f9a491ab4a58a60e9082e637e9504') in 0.041145 seconds 
  Import took 0.050374 seconds .

========================================================================
Received Import Request.
  Time since last request: 0.000406 seconds.
  path: Assets/Crystal_Mine/Textures/DoubleWall_occlusion.bmp
  artifactKey: Guid(188fe2ff16635294794e045e939489ef) Importer(815301076,1909f56bfc062723c751e8b465ee728b)
Start importing Assets/Crystal_Mine/Textures/DoubleWall_occlusion.bmp using Guid(188fe2ff16635294794e045e939489ef) Importer(815301076,1909f56bfc062723c751e8b465ee728b)  -> (artifact id: 'c0f2534bbb35be3d5a50de5eef30396b') in 0.025595 seconds 
  Import took 0.033848 seconds .

========================================================================
Received Import Request.
  Time since last request: 0.000393 seconds.
  path: Assets/Crystal_Mine/Textures/Floor_occlusion.bmp
  artifactKey: Guid(74eab29825906f04fafca1ae7ac85e26) Importer(815301076,1909f56bfc062723c751e8b465ee728b)
Start importing Assets/Crystal_Mine/Textures/Floor_occlusion.bmp using Guid(74eab29825906f04fafca1ae7ac85e26) Importer(815301076,1909f56bfc062723c751e8b465ee728b)  -> (artifact id: '34dca57590998e97f37c3eda4b159513') in 0.038977 seconds 
  Import took 0.047327 seconds .

========================================================================
Received Import Request.
  Time since last request: 0.000395 seconds.
  path: Assets/Crystal_Mine/Textures/doubleWall_lp_defaultMat_AlbedoTransparency.png
  artifactKey: Guid(b5b5bbf2bed24dd44a42f853adb404b0) Importer(815301076,1909f56bfc062723c751e8b465ee728b)
Start importing Assets/Crystal_Mine/Textures/doubleWall_lp_defaultMat_AlbedoTransparency.png using Guid(b5b5bbf2bed24dd44a42f853adb404b0) Importer(815301076,1909f56bfc062723c751e8b465ee728b)  -> (artifact id: '4bd5f0cd1b896f35ebed27fbc0c65ef4') in 0.026690 seconds 
  Import took 0.035610 seconds .

========================================================================
Received Import Request.
  Time since last request: 69.101988 seconds.
  path: Packages/com.unity.ide.visualstudio
  artifactKey: Guid(9db636ca49aa246019dd93b7c8b689f4) Importer(815301076,1909f56bfc062723c751e8b465ee728b)
Start importing Packages/com.unity.ide.visualstudio using Guid(9db636ca49aa246019dd93b7c8b689f4) Importer(815301076,1909f56bfc062723c751e8b465ee728b)  -> (artifact id: '97ec95a5506f2bdeeee79941468489e5') in 0.020597 seconds 
  Import took 0.046844 seconds .

========================================================================
Received Prepare
Registering precompiled user dll's ...
Registered in 0.006413 seconds.
Begin MonoManager ReloadAssembly
Native extension for WindowsStandalone target not found
Refreshing native plugins compatible for Editor in 0.73 ms, found 2 plugins.
Preloading 0 native plugins for Editor in 0.00 ms.
Mono: successfully reloaded assembly
- Completed reload, in  2.630 seconds
Domain Reload Profiling:
	ReloadAssembly (2645ms)
		BeginReloadAssembly (652ms)
			ExecutionOrderSort (0ms)
			DisableScriptedObjects (58ms)
			BackupInstance (0ms)
			ReleaseScriptingObjects (1ms)
			CreateAndSetChildDomain (367ms)
		EndReloadAssembly (1830ms)
			LoadAssemblies (234ms)
			RebuildTransferFunctionScriptingTraits (0ms)
			SetupTypeCache (617ms)
			ReleaseScriptCaches (1ms)
			RebuildScriptCaches (84ms)
			SetupLoadedEditorAssemblies (644ms)
				LogAssemblyErrors (0ms)
				InitializePlatformSupportModulesInManaged (11ms)
				SetLoadedEditorAssemblies (2ms)
				RefreshPlugins (1ms)
				BeforeProcessingInitializeOnLoad (111ms)
				ProcessInitializeOnLoadAttributes (499ms)
				ProcessInitializeOnLoadMethodAttributes (9ms)
				AfterProcessingInitializeOnLoad (10ms)
				EditorAssembliesLoaded (1ms)
			ExecutionOrderSort2 (0ms)
			AwakeInstancesAfterBackupRestoration (16ms)
Platform modules already initialized, skipping
Refreshing native plugins compatible for Editor in 2.50 ms, found 2 plugins.
Preloading 0 native plugins for Editor in 0.00 ms.
Unloading 1448 Unused Serialized files (Serialized files now loaded: 0)
System memory in use before: 73.5 MB.
System memory in use after: 73.3 MB.

Unloading 16 unused Assets to reduce memory usage. Loaded Objects now: 1951.
Total: 12.599636 ms (FindLiveObjects: 1.177254 ms CreateObjectMapping: 0.258392 ms MarkObjects: 10.093595 ms  DeleteObjects: 1.066170 ms)

AssetImportParameters requested are different than current active one (requested -> active):
  custom:framework-win-MediaFoundation: 216162199b28c13a410421893ffa2e32 -> 
  custom:video-decoder-ogg-theora: a1e56fd34408186e4bbccfd4996cb3dc -> 
  custom:container-muxer-webm: aa71ff27fc2769a1b78a27578f13a17b -> 
  custom:container-demuxer-webm: 4f35f7cbe854078d1ac9338744f61a02 -> 
  custom:container-demuxer-ogg: 62fdf1f143b41e24485cea50d1cbac27 -> 
  custom:video-encoder-webm-vp8: eb34c28f22e8b96e1ab97ce403110664 -> 
  custom:video-decoder-webm-vp8: 9c59270c3fd7afecdb556c50c9e8de78 -> 
  custom:audio-decoder-ogg-vorbis: bf7c407c2cedff20999df2af8eb42d56 -> 
  custom:audio-encoder-webm-vorbis: bf7c407c2cedff20999df2af8eb42d56 -> 
========================================================================
Received Import Request.
  Time since last request: 665.005795 seconds.
  path: Assets/Casual Tiny Environment - Jungle Set/Texture/tex_arena_01.png
  artifactKey: Guid(403764e85c68d60478d2e2d6489e11b0) Importer(815301076,1909f56bfc062723c751e8b465ee728b)
Start importing Assets/Casual Tiny Environment - Jungle Set/Texture/tex_arena_01.png using Guid(403764e85c68d60478d2e2d6489e11b0) Importer(815301076,1909f56bfc062723c751e8b465ee728b)  -> (artifact id: 'd8e811d00e73d98ef4d8a96585917926') in 0.620550 seconds 
  Import took 0.806693 seconds .

========================================================================
Received Import Request.
  Time since last request: 0.000947 seconds.
  path: Assets/Casual Tiny Environment - Jungle Set/Texture/tex_world_cloud_01.png
  artifactKey: Guid(0acd286660047c047928bb46d4a9b6c8) Importer(815301076,1909f56bfc062723c751e8b465ee728b)
Start importing Assets/Casual Tiny Environment - Jungle Set/Texture/tex_world_cloud_01.png using Guid(0acd286660047c047928bb46d4a9b6c8) Importer(815301076,1909f56bfc062723c751e8b465ee728b)  -> (artifact id: 'cb671d4124ab533d15ea7e8752ec8a55') in 0.136334 seconds 
  Import took 0.145700 seconds .

========================================================================
Received Import Request.
  Time since last request: 0.019442 seconds.
  path: Assets/Casual Tiny Environment - Jungle Set/Texture/tex_jungle_road_01.png
  artifactKey: Guid(173bffb002669da448955adea061429f) Importer(815301076,1909f56bfc062723c751e8b465ee728b)
Start importing Assets/Casual Tiny Environment - Jungle Set/Texture/tex_jungle_road_01.png using Guid(173bffb002669da448955adea061429f) Importer(815301076,1909f56bfc062723c751e8b465ee728b)  -> (artifact id: 'b252d5d1defa85640d373898115587f8') in 0.096750 seconds 
  Import took 0.128082 seconds .

========================================================================
Received Import Request.
  Time since last request: 0.000377 seconds.
  path: Assets/Casual Tiny Environment - Jungle Set/Texture/tex_village_01.png
  artifactKey: Guid(2b80af202b3e7ee4681ee7ef4700f804) Importer(815301076,1909f56bfc062723c751e8b465ee728b)
Start importing Assets/Casual Tiny Environment - Jungle Set/Texture/tex_village_01.png using Guid(2b80af202b3e7ee4681ee7ef4700f804) Importer(815301076,1909f56bfc062723c751e8b465ee728b)  -> (artifact id: '52488569d4b2d6fb3012b1ea059f1e38') in 0.107355 seconds 
  Import took 0.115810 seconds .

========================================================================
Received Import Request.
  Time since last request: 0.000464 seconds.
  path: Assets/Casual Tiny Environment - Jungle Set/Texture/tex_jungle_01.png
  artifactKey: Guid(44b052e0d8cdcf645bb2b4b8a752a287) Importer(815301076,1909f56bfc062723c751e8b465ee728b)
Start importing Assets/Casual Tiny Environment - Jungle Set/Texture/tex_jungle_01.png using Guid(44b052e0d8cdcf645bb2b4b8a752a287) Importer(815301076,1909f56bfc062723c751e8b465ee728b)  -> (artifact id: '658067ddc65efeb4da9cbbff34377cac') in 0.125609 seconds 
  Import took 0.134991 seconds .

========================================================================
Received Import Request.
  Time since last request: 0.000350 seconds.
  path: Assets/Casual Tiny Environment - Jungle Set/Texture/tex_tower_waste_01.png
  artifactKey: Guid(610e3ab9f487c014894184685af4c873) Importer(815301076,1909f56bfc062723c751e8b465ee728b)
Start importing Assets/Casual Tiny Environment - Jungle Set/Texture/tex_tower_waste_01.png using Guid(610e3ab9f487c014894184685af4c873) Importer(815301076,1909f56bfc062723c751e8b465ee728b)  -> (artifact id: '930d0316a268ba4e45404510200cfda9') in 0.091384 seconds 
  Import took 0.103860 seconds .

========================================================================
Received Import Request.
  Time since last request: 14.634746 seconds.
  path: Assets/Wooden Barricades/Prefabs/Barricade_01.prefab
  artifactKey: Guid(87918e0337ff8b34a888f3f912ea01f9) Importer(815301076,1909f56bfc062723c751e8b465ee728b)
Start importing Assets/Wooden Barricades/Prefabs/Barricade_01.prefab using Guid(87918e0337ff8b34a888f3f912ea01f9) Importer(815301076,1909f56bfc062723c751e8b465ee728b)  -> (artifact id: '19c2232a1790d49a05fa3cc9402aead0') in 0.933968 seconds 
  Import took 0.943635 seconds .

========================================================================
Received Import Request.
  Time since last request: 0.001254 seconds.
  path: Assets/Wooden Barricades/Prefabs
  artifactKey: Guid(e009789dcb3c5f649b89f47ad5617fe7) Importer(815301076,1909f56bfc062723c751e8b465ee728b)
Start importing Assets/Wooden Barricades/Prefabs using Guid(e009789dcb3c5f649b89f47ad5617fe7) Importer(815301076,1909f56bfc062723c751e8b465ee728b)  -> (artifact id: 'e407b90a7645ab51e8bcd69e59fec849') in 0.014270 seconds 
  Import took 0.025178 seconds .

========================================================================
Received Import Request.
  Time since last request: 0.002910 seconds.
  path: Assets/Wooden Barricades/Prefabs/Barricade_02.prefab
  artifactKey: Guid(6d1bad2f4a7df1d49a1da772b3ed1ebb) Importer(815301076,1909f56bfc062723c751e8b465ee728b)
Start importing Assets/Wooden Barricades/Prefabs/Barricade_02.prefab using Guid(6d1bad2f4a7df1d49a1da772b3ed1ebb) Importer(815301076,1909f56bfc062723c751e8b465ee728b)  -> (artifact id: '9e3e91de7fa7876aff0d4df1621da5cc') in 0.190089 seconds 
  Import took 0.206196 seconds .

AssetImportWorkerClient::OnTransportError - code=2 error=End of file
