Using pre-set license
Built from '2020.3/staging' branch; Version is '2020.3.14f1 (d0d1bb862f9d) revision 13685179'; Using compiler version '192528614'; Build Type 'Release'
OS: 'Windows 8.1  (6.3.0) 64bit' Language: 'es' Physical Memory: 3717 MB
BatchMode: 1, IsHumanControllingUs: 0, StartBugReporterOnCrash: 0, Is64bit: 1, IsPro: 0

 COMMAND LINE ARGUMENTS:
C:\Program Files\Unity\Hub\Editor\2020.3.14f1\Editor\Unity.exe
-adb2
-batchMode
-noUpm
-name
AssetImportWorker4
-projectPath
C:/Users/User/Documents/GitHub/Proyecto-De-Animacion
-logFile
Logs/AssetImportWorker4.log
-srvPort
51519
Successfully changed project path to: C:/Users/User/Documents/GitHub/Proyecto-De-Animacion
C:/Users/User/Documents/GitHub/Proyecto-De-Animacion
Using Asset Import Pipeline V2.
Refreshing native plugins compatible for Editor in 173.69 ms, found 2 plugins.
Preloading 0 native plugins for Editor in 0.00 ms.
Initialize engine version: 2020.3.14f1 (d0d1bb862f9d)
[Subsystems] Discovering subsystems at path C:/Program Files/Unity/Hub/Editor/2020.3.14f1/Editor/Data/Resources/UnitySubsystems
[Subsystems] Discovering subsystems at path C:/Users/User/Documents/GitHub/Proyecto-De-Animacion/Assets
GfxDevice: creating device client; threaded=0
d3d11: QueryInterface(IDXGIFactory5) failed (80004002).
Direct3D:
    Version:  Direct3D 11.0 [level 11.0]
    Renderer: Intel(R) HD Graphics 4000 (ID=0x166)
    Vendor:   
    VRAM:     1760 MB
    Driver:   10.18.10.4276
Initialize mono
Mono path[0] = 'C:/Program Files/Unity/Hub/Editor/2020.3.14f1/Editor/Data/Managed'
Mono path[1] = 'C:/Program Files/Unity/Hub/Editor/2020.3.14f1/Editor/Data/MonoBleedingEdge/lib/mono/unityjit'
Mono config path = 'C:/Program Files/Unity/Hub/Editor/2020.3.14f1/Editor/Data/MonoBleedingEdge/etc'
Using monoOptions --debugger-agent=transport=dt_socket,embedding=1,server=y,suspend=n,address=127.0.0.1:56492
Begin MonoManager ReloadAssembly
Registering precompiled unity dll's ...
Register platform support module: C:/Program Files/Unity/Hub/Editor/2020.3.14f1/Editor/Data/PlaybackEngines/WindowsStandaloneSupport/UnityEditor.WindowsStandalone.Extensions.dll
Registered in 0.007532 seconds.
Native extension for WindowsStandalone target not found
Refreshing native plugins compatible for Editor in 196.47 ms, found 2 plugins.
Preloading 0 native plugins for Editor in 0.00 ms.
Mono: successfully reloaded assembly
- Completed reload, in  4.529 seconds
Domain Reload Profiling:
	ReloadAssembly (4530ms)
		BeginReloadAssembly (228ms)
			ExecutionOrderSort (0ms)
			DisableScriptedObjects (0ms)
			BackupInstance (0ms)
			ReleaseScriptingObjects (0ms)
			CreateAndSetChildDomain (2ms)
		EndReloadAssembly (2099ms)
			LoadAssemblies (223ms)
			RebuildTransferFunctionScriptingTraits (0ms)
			SetupTypeCache (675ms)
			ReleaseScriptCaches (0ms)
			RebuildScriptCaches (178ms)
			SetupLoadedEditorAssemblies (919ms)
				LogAssemblyErrors (0ms)
				InitializePlatformSupportModulesInManaged (14ms)
				SetLoadedEditorAssemblies (1ms)
				RefreshPlugins (197ms)
				BeforeProcessingInitializeOnLoad (28ms)
				ProcessInitializeOnLoadAttributes (439ms)
				ProcessInitializeOnLoadMethodAttributes (240ms)
				AfterProcessingInitializeOnLoad (0ms)
				EditorAssembliesLoaded (1ms)
			ExecutionOrderSort2 (0ms)
			AwakeInstancesAfterBackupRestoration (0ms)
Platform modules already initialized, skipping
Registering precompiled user dll's ...
Registered in 0.051602 seconds.
Begin MonoManager ReloadAssembly
Native extension for WindowsStandalone target not found
Refreshing native plugins compatible for Editor in 1.05 ms, found 2 plugins.
Preloading 0 native plugins for Editor in 0.00 ms.
Mono: successfully reloaded assembly
- Completed reload, in  7.008 seconds
Domain Reload Profiling:
	ReloadAssembly (7012ms)
		BeginReloadAssembly (950ms)
			ExecutionOrderSort (0ms)
			DisableScriptedObjects (35ms)
			BackupInstance (0ms)
			ReleaseScriptingObjects (0ms)
			CreateAndSetChildDomain (179ms)
		EndReloadAssembly (5428ms)
			LoadAssemblies (468ms)
			RebuildTransferFunctionScriptingTraits (0ms)
			SetupTypeCache (2175ms)
			ReleaseScriptCaches (1ms)
			RebuildScriptCaches (208ms)
			SetupLoadedEditorAssemblies (1879ms)
				LogAssemblyErrors (0ms)
				InitializePlatformSupportModulesInManaged (39ms)
				SetLoadedEditorAssemblies (2ms)
				RefreshPlugins (1ms)
				BeforeProcessingInitializeOnLoad (289ms)
				ProcessInitializeOnLoadAttributes (1503ms)
				ProcessInitializeOnLoadMethodAttributes (26ms)
				AfterProcessingInitializeOnLoad (18ms)
				EditorAssembliesLoaded (1ms)
			ExecutionOrderSort2 (0ms)
			AwakeInstancesAfterBackupRestoration (33ms)
Platform modules already initialized, skipping
========================================================================
Worker process is ready to serve import requests
Launched and connected shader compiler UnityShaderCompiler.exe after 0.09 seconds
Refreshing native plugins compatible for Editor in 10.68 ms, found 2 plugins.
Preloading 0 native plugins for Editor in 0.00 ms.
Unloading 1570 Unused Serialized files (Serialized files now loaded: 0)
System memory in use before: 93.5 MB.
System memory in use after: 93.5 MB.

Unloading 17 unused Assets to reduce memory usage. Loaded Objects now: 2033.
Total: 18.919970 ms (FindLiveObjects: 6.311285 ms CreateObjectMapping: 0.237866 ms MarkObjects: 12.063526 ms  DeleteObjects: 0.300652 ms)

AssetImportParameters requested are different than current active one (requested -> active):
  custom:framework-win-MediaFoundation: 216162199b28c13a410421893ffa2e32 -> 
  custom:video-decoder-ogg-theora: a1e56fd34408186e4bbccfd4996cb3dc -> 
  custom:container-muxer-webm: aa71ff27fc2769a1b78a27578f13a17b -> 
  custom:container-demuxer-webm: 4f35f7cbe854078d1ac9338744f61a02 -> 
  custom:container-demuxer-ogg: 62fdf1f143b41e24485cea50d1cbac27 -> 
  custom:video-encoder-webm-vp8: eb34c28f22e8b96e1ab97ce403110664 -> 
  custom:video-decoder-webm-vp8: 9c59270c3fd7afecdb556c50c9e8de78 -> 
  custom:audio-decoder-ogg-vorbis: bf7c407c2cedff20999df2af8eb42d56 -> 
  custom:audio-encoder-webm-vorbis: bf7c407c2cedff20999df2af8eb42d56 -> 
========================================================================
Received Import Request.
  path: Assets/Scenes/Mapa.unity
  artifactKey: Guid(963d3f23091632440974c40a3f5dd0ba) Importer(815301076,1909f56bfc062723c751e8b465ee728b)
Start importing Assets/Scenes/Mapa.unity using Guid(963d3f23091632440974c40a3f5dd0ba) Importer(815301076,1909f56bfc062723c751e8b465ee728b)  -> (artifact id: '6600ce4f7a964faa176ba8a853c4c5d8') in 5.307100 seconds 
  Import took 5.626002 seconds .

========================================================================
Received Prepare
Registering precompiled user dll's ...
Registered in 0.009481 seconds.
Begin MonoManager ReloadAssembly
Native extension for WindowsStandalone target not found
Refreshing native plugins compatible for Editor in 1.60 ms, found 2 plugins.
Preloading 0 native plugins for Editor in 0.00 ms.
Mono: successfully reloaded assembly
- Completed reload, in  6.484 seconds
Domain Reload Profiling:
	ReloadAssembly (6488ms)
		BeginReloadAssembly (626ms)
			ExecutionOrderSort (0ms)
			DisableScriptedObjects (78ms)
			BackupInstance (0ms)
			ReleaseScriptingObjects (0ms)
			CreateAndSetChildDomain (253ms)
		EndReloadAssembly (5555ms)
			LoadAssemblies (407ms)
			RebuildTransferFunctionScriptingTraits (0ms)
			SetupTypeCache (1529ms)
			ReleaseScriptCaches (31ms)
			RebuildScriptCaches (457ms)
			SetupLoadedEditorAssemblies (1939ms)
				LogAssemblyErrors (0ms)
				InitializePlatformSupportModulesInManaged (20ms)
				SetLoadedEditorAssemblies (3ms)
				RefreshPlugins (2ms)
				BeforeProcessingInitializeOnLoad (254ms)
				ProcessInitializeOnLoadAttributes (1617ms)
				ProcessInitializeOnLoadMethodAttributes (29ms)
				AfterProcessingInitializeOnLoad (14ms)
				EditorAssembliesLoaded (1ms)
			ExecutionOrderSort2 (0ms)
			AwakeInstancesAfterBackupRestoration (41ms)
Platform modules already initialized, skipping
Refreshing native plugins compatible for Editor in 4.18 ms, found 2 plugins.
Preloading 0 native plugins for Editor in 0.00 ms.
Unloading 1527 Unused Serialized files (Serialized files now loaded: 0)
System memory in use before: 89.8 MB.
System memory in use after: 89.9 MB.

Unloading 12 unused Assets to reduce memory usage. Loaded Objects now: 2035.
Total: 8.930221 ms (FindLiveObjects: 1.285319 ms CreateObjectMapping: 0.448564 ms MarkObjects: 6.994092 ms  DeleteObjects: 0.191983 ms)

AssetImportParameters requested are different than current active one (requested -> active):
  custom:framework-win-MediaFoundation: 216162199b28c13a410421893ffa2e32 -> 
  custom:video-decoder-ogg-theora: a1e56fd34408186e4bbccfd4996cb3dc -> 
  custom:container-muxer-webm: aa71ff27fc2769a1b78a27578f13a17b -> 
  custom:container-demuxer-webm: 4f35f7cbe854078d1ac9338744f61a02 -> 
  custom:container-demuxer-ogg: 62fdf1f143b41e24485cea50d1cbac27 -> 
  custom:video-encoder-webm-vp8: eb34c28f22e8b96e1ab97ce403110664 -> 
  custom:video-decoder-webm-vp8: 9c59270c3fd7afecdb556c50c9e8de78 -> 
  custom:audio-decoder-ogg-vorbis: bf7c407c2cedff20999df2af8eb42d56 -> 
  custom:audio-encoder-webm-vorbis: bf7c407c2cedff20999df2af8eb42d56 -> 
========================================================================
Received Import Request.
  Time since last request: 447.984260 seconds.
  path: Assets/Characters/Lava Monster/LavaMonsterController.controller
  artifactKey: Guid(3b33f791b852b8e42b29920a8896eb4b) Importer(815301076,1909f56bfc062723c751e8b465ee728b)
Start importing Assets/Characters/Lava Monster/LavaMonsterController.controller using Guid(3b33f791b852b8e42b29920a8896eb4b) Importer(815301076,1909f56bfc062723c751e8b465ee728b)  -> (artifact id: 'de10fe860170549d60e6417a9992ce7e') in 0.440331 seconds 
  Import took 0.474627 seconds .

========================================================================
Received Import Request.
  Time since last request: 160.527342 seconds.
  path: Assets/Sonidos/Personajes/Perro
  artifactKey: Guid(0a553b6cb6aaf1a4596435dba5471cc8) Importer(815301076,1909f56bfc062723c751e8b465ee728b)
Start importing Assets/Sonidos/Personajes/Perro using Guid(0a553b6cb6aaf1a4596435dba5471cc8) Importer(815301076,1909f56bfc062723c751e8b465ee728b)  -> (artifact id: '843c5c7d7f11c8b70838fbacd872ea39') in 0.014470 seconds 
  Import took 0.031837 seconds .

========================================================================
Received Import Request.
  Time since last request: 0.061005 seconds.
  path: Assets/Sonidos/Personajes/Perro/Pasos Pequeños.wav
  artifactKey: Guid(2e4ca02ee5fa72546bfd63a70b049e65) Importer(815301076,1909f56bfc062723c751e8b465ee728b)
Start importing Assets/Sonidos/Personajes/Perro/Pasos Pequeños.wav using Guid(2e4ca02ee5fa72546bfd63a70b049e65) Importer(815301076,1909f56bfc062723c751e8b465ee728b)  -> (artifact id: '02c0d5c8e125c4b288b018dc7ddf4b19') in 0.950313 seconds 
  Import took 0.959277 seconds .

========================================================================
Received Import Request.
  Time since last request: 0.466437 seconds.
  path: Assets/Sonidos/FeedBack/Boton.wav
  artifactKey: Guid(0b8feb39cacb76b45bce590c731edd4c) Importer(815301076,1909f56bfc062723c751e8b465ee728b)
Start importing Assets/Sonidos/FeedBack/Boton.wav using Guid(0b8feb39cacb76b45bce590c731edd4c) Importer(815301076,1909f56bfc062723c751e8b465ee728b)  -> (artifact id: '6e7bb8e6f22ae76e70d4b83387443510') in 0.037485 seconds 
  Import took 0.046872 seconds .

========================================================================
Received Import Request.
  Time since last request: 0.000453 seconds.
  path: Assets/Sonidos/FeedBack/Final Malo.mp3
  artifactKey: Guid(dd8c4a21d8da2c94e84b890bad6f49e5) Importer(815301076,1909f56bfc062723c751e8b465ee728b)
Start importing Assets/Sonidos/FeedBack/Final Malo.mp3 using Guid(dd8c4a21d8da2c94e84b890bad6f49e5) Importer(815301076,1909f56bfc062723c751e8b465ee728b)  -> (artifact id: '666b655b2056d2e210aae99e1a6c1700') in 0.062718 seconds 
  Import took 0.071729 seconds .

========================================================================
Received Import Request.
  Time since last request: 0.000383 seconds.
  path: Assets/Sonidos/FeedBack/Final Bueno.wav
  artifactKey: Guid(a62eda5f442ee0a4dacd1466a539c5cc) Importer(815301076,1909f56bfc062723c751e8b465ee728b)
Start importing Assets/Sonidos/FeedBack/Final Bueno.wav using Guid(a62eda5f442ee0a4dacd1466a539c5cc) Importer(815301076,1909f56bfc062723c751e8b465ee728b)  -> (artifact id: 'ffc9e48fe2d3c3937c2d4ecec5e3878c') in 0.057040 seconds 
  Import took 0.064975 seconds .

========================================================================
Received Import Request.
  Time since last request: 0.000473 seconds.
  path: Assets/Sonidos/FeedBack/Puzzle Completado.wav
  artifactKey: Guid(92bd493a626dc73498d5191116c590cb) Importer(815301076,1909f56bfc062723c751e8b465ee728b)
Start importing Assets/Sonidos/FeedBack/Puzzle Completado.wav using Guid(92bd493a626dc73498d5191116c590cb) Importer(815301076,1909f56bfc062723c751e8b465ee728b)  -> (artifact id: 'f289d31ccbba56ee0fbde2874bf19d6e') in 0.069481 seconds 
  Import took 0.078155 seconds .

========================================================================
Received Import Request.
  Time since last request: 0.000678 seconds.
  path: Assets/Sonidos/FeedBack/Final Neutro.wav
  artifactKey: Guid(a716b3652ee346e44a7dc7328d6d870c) Importer(815301076,1909f56bfc062723c751e8b465ee728b)
Start importing Assets/Sonidos/FeedBack/Final Neutro.wav using Guid(a716b3652ee346e44a7dc7328d6d870c) Importer(815301076,1909f56bfc062723c751e8b465ee728b)  -> (artifact id: '965d4d7f8632a546a3d2a8242bba49d2') in 0.051766 seconds 
  Import took 0.062876 seconds .

========================================================================
Received Import Request.
  Time since last request: 0.000537 seconds.
  path: Assets/Sonidos/FeedBack/Start.wav
  artifactKey: Guid(a88eaf3511d3182488e5e1e88173c60f) Importer(815301076,1909f56bfc062723c751e8b465ee728b)
Start importing Assets/Sonidos/FeedBack/Start.wav using Guid(a88eaf3511d3182488e5e1e88173c60f) Importer(815301076,1909f56bfc062723c751e8b465ee728b)  -> (artifact id: 'f2f7dc8dd26f72c81ce13f368b2de07a') in 0.059264 seconds 
  Import took 0.071989 seconds .

========================================================================
Received Import Request.
  Time since last request: 0.000443 seconds.
  path: Assets/Sonidos/FeedBack/Game Over.wav
  artifactKey: Guid(37ea4511d2ea1cf4ca68129ef30a0189) Importer(815301076,1909f56bfc062723c751e8b465ee728b)
Start importing Assets/Sonidos/FeedBack/Game Over.wav using Guid(37ea4511d2ea1cf4ca68129ef30a0189) Importer(815301076,1909f56bfc062723c751e8b465ee728b)  -> (artifact id: '414f4fb979d3b05ff8339fc5782c0bf5') in 0.061024 seconds 
  Import took 0.071215 seconds .

